{"/Users/peter/Projects/Octoblu/ble-bean/index.js":{"path":"/Users/peter/Projects/Octoblu/ble-bean/index.js","s":{"1":1,"2":1,"3":1,"4":1,"5":1,"6":1,"7":1,"8":1,"9":1,"10":1,"11":1,"12":1,"13":1,"14":1,"15":1},"b":{},"f":{},"fnMap":{},"statementMap":{"1":{"start":{"line":4,"column":0},"end":{"line":4,"column":42}},"2":{"start":{"line":6,"column":0},"end":{"line":6,"column":33}},"3":{"start":{"line":8,"column":0},"end":{"line":8,"column":45}},"4":{"start":{"line":9,"column":0},"end":{"line":9,"column":45}},"5":{"start":{"line":10,"column":0},"end":{"line":10,"column":49}},"6":{"start":{"line":11,"column":0},"end":{"line":11,"column":47}},"7":{"start":{"line":12,"column":0},"end":{"line":12,"column":47}},"8":{"start":{"line":15,"column":0},"end":{"line":15,"column":57}},"9":{"start":{"line":16,"column":0},"end":{"line":16,"column":67}},"10":{"start":{"line":18,"column":0},"end":{"line":18,"column":41}},"11":{"start":{"line":19,"column":0},"end":{"line":19,"column":41}},"12":{"start":{"line":20,"column":0},"end":{"line":20,"column":43}},"13":{"start":{"line":21,"column":0},"end":{"line":21,"column":42}},"14":{"start":{"line":22,"column":0},"end":{"line":22,"column":42}},"15":{"start":{"line":24,"column":0},"end":{"line":24,"column":22}}},"branchMap":{}},"/Users/peter/Projects/Octoblu/ble-bean/lib/Bean.js":{"path":"/Users/peter/Projects/Octoblu/ble-bean/lib/Bean.js","s":{"1":1,"2":1,"3":1,"4":1,"5":1,"6":1,"7":1,"8":1,"9":1,"10":1,"11":1,"12":0,"13":0,"14":0,"15":0,"16":0,"17":0,"18":1,"19":1,"20":1,"21":1,"22":0,"23":0,"24":0,"25":0,"26":0,"27":0,"28":0,"29":1,"30":0,"31":0,"32":0,"33":0,"34":0,"35":0,"36":0,"37":0,"38":0,"39":0,"40":0,"41":0,"42":0,"43":0,"44":0,"45":0,"46":0,"47":0,"48":0,"49":0,"50":0,"51":0,"52":0,"53":0,"54":1,"55":0,"56":0,"57":0,"58":0,"59":0,"60":0,"61":0,"62":0,"63":0,"64":0,"65":0,"66":0,"67":0,"68":1,"69":0,"70":1,"71":0,"72":1,"73":0,"74":1,"75":0,"76":1,"77":0,"78":1},"b":{"1":[1,0],"2":[1,0,0],"3":[0,0],"4":[0,0],"5":[0,0],"6":[0,0],"7":[0,0],"8":[0,0],"9":[0,0],"10":[0,0],"11":[0,0],"12":[0,0]},"f":{"1":0,"2":0,"3":0,"4":0,"5":0,"6":0,"7":0,"8":0,"9":0,"10":0,"11":0},"fnMap":{"1":{"name":"(anonymous_1)","line":19,"loc":{"start":{"line":19,"column":11},"end":{"line":19,"column":32}}},"2":{"name":"(anonymous_2)","line":37,"loc":{"start":{"line":37,"column":33},"end":{"line":37,"column":52}}},"3":{"name":"(anonymous_3)","line":41,"loc":{"start":{"line":41,"column":51},"end":{"line":41,"column":61}}},"4":{"name":"(anonymous_4)","line":43,"loc":{"start":{"line":43,"column":97},"end":{"line":43,"column":110}}},"5":{"name":"(anonymous_5)","line":56,"loc":{"start":{"line":56,"column":25},"end":{"line":56,"column":37}}},"6":{"name":"(anonymous_6)","line":121,"loc":{"start":{"line":121,"column":22},"end":{"line":121,"column":60}}},"7":{"name":"(anonymous_7)","line":150,"loc":{"start":{"line":150,"column":24},"end":{"line":150,"column":38}}},"8":{"name":"(anonymous_8)","line":154,"loc":{"start":{"line":154,"column":23},"end":{"line":154,"column":43}}},"9":{"name":"(anonymous_9)","line":158,"loc":{"start":{"line":158,"column":26},"end":{"line":158,"column":46}}},"10":{"name":"(anonymous_10)","line":162,"loc":{"start":{"line":162,"column":31},"end":{"line":162,"column":45}}},"11":{"name":"(anonymous_11)","line":166,"loc":{"start":{"line":166,"column":29},"end":{"line":166,"column":43}}}},"statementMap":{"1":{"start":{"line":4,"column":0},"end":{"line":4,"column":42}},"2":{"start":{"line":6,"column":0},"end":{"line":6,"column":50}},"3":{"start":{"line":7,"column":0},"end":{"line":7,"column":27}},"4":{"start":{"line":8,"column":0},"end":{"line":8,"column":25}},"5":{"start":{"line":9,"column":0},"end":{"line":9,"column":37}},"6":{"start":{"line":11,"column":0},"end":{"line":11,"column":57}},"7":{"start":{"line":12,"column":0},"end":{"line":12,"column":67}},"8":{"start":{"line":14,"column":0},"end":{"line":17,"column":1}},"9":{"start":{"line":15,"column":2},"end":{"line":15,"column":51}},"10":{"start":{"line":16,"column":2},"end":{"line":16,"column":61}},"11":{"start":{"line":19,"column":0},"end":{"line":30,"column":2}},"12":{"start":{"line":20,"column":2},"end":{"line":21,"column":20}},"13":{"start":{"line":21,"column":2},"end":{"line":21,"column":20}},"14":{"start":{"line":23,"column":2},"end":{"line":23,"column":37}},"15":{"start":{"line":25,"column":2},"end":{"line":25,"column":26}},"16":{"start":{"line":27,"column":2},"end":{"line":27,"column":17}},"17":{"start":{"line":28,"column":2},"end":{"line":28,"column":27}},"18":{"start":{"line":32,"column":0},"end":{"line":32,"column":32}},"19":{"start":{"line":34,"column":0},"end":{"line":34,"column":34}},"20":{"start":{"line":35,"column":0},"end":{"line":35,"column":45}},"21":{"start":{"line":37,"column":0},"end":{"line":54,"column":2}},"22":{"start":{"line":39,"column":2},"end":{"line":39,"column":18}},"23":{"start":{"line":41,"column":2},"end":{"line":52,"column":5}},"24":{"start":{"line":43,"column":4},"end":{"line":50,"column":7}},"25":{"start":{"line":45,"column":6},"end":{"line":45,"column":25}},"26":{"start":{"line":45,"column":15},"end":{"line":45,"column":25}},"27":{"start":{"line":47,"column":6},"end":{"line":47,"column":29}},"28":{"start":{"line":48,"column":6},"end":{"line":48,"column":20}},"29":{"start":{"line":56,"column":0},"end":{"line":119,"column":2}},"30":{"start":{"line":61,"column":2},"end":{"line":61,"column":29}},"31":{"start":{"line":62,"column":2},"end":{"line":62,"column":36}},"32":{"start":{"line":63,"column":2},"end":{"line":63,"column":35}},"33":{"start":{"line":66,"column":2},"end":{"line":68,"column":3}},"34":{"start":{"line":67,"column":4},"end":{"line":67,"column":29}},"35":{"start":{"line":71,"column":2},"end":{"line":71,"column":54}},"36":{"start":{"line":74,"column":2},"end":{"line":117,"column":3}},"37":{"start":{"line":76,"column":4},"end":{"line":76,"column":29}},"38":{"start":{"line":79,"column":4},"end":{"line":79,"column":72}},"39":{"start":{"line":81,"column":4},"end":{"line":81,"column":45}},"40":{"start":{"line":82,"column":4},"end":{"line":82,"column":99}},"41":{"start":{"line":84,"column":4},"end":{"line":84,"column":66}},"42":{"start":{"line":86,"column":4},"end":{"line":86,"column":82}},"43":{"start":{"line":88,"column":4},"end":{"line":115,"column":5}},"44":{"start":{"line":91,"column":6},"end":{"line":113,"column":7}},"45":{"start":{"line":93,"column":8},"end":{"line":93,"column":70}},"46":{"start":{"line":94,"column":8},"end":{"line":94,"column":70}},"47":{"start":{"line":95,"column":8},"end":{"line":95,"column":70}},"48":{"start":{"line":97,"column":8},"end":{"line":97,"column":77}},"49":{"start":{"line":99,"column":13},"end":{"line":113,"column":7}},"50":{"start":{"line":101,"column":8},"end":{"line":101,"column":72}},"51":{"start":{"line":103,"column":13},"end":{"line":113,"column":7}},"52":{"start":{"line":105,"column":8},"end":{"line":105,"column":46}},"53":{"start":{"line":111,"column":6},"end":{"line":111,"column":88}},"54":{"start":{"line":121,"column":0},"end":{"line":148,"column":2}},"55":{"start":{"line":124,"column":2},"end":{"line":124,"column":33}},"56":{"start":{"line":125,"column":2},"end":{"line":125,"column":67}},"57":{"start":{"line":126,"column":2},"end":{"line":126,"column":29}},"58":{"start":{"line":129,"column":2},"end":{"line":129,"column":70}},"59":{"start":{"line":131,"column":2},"end":{"line":131,"column":44}},"60":{"start":{"line":132,"column":2},"end":{"line":132,"column":49}},"61":{"start":{"line":135,"column":2},"end":{"line":135,"column":73}},"62":{"start":{"line":137,"column":2},"end":{"line":137,"column":55}},"63":{"start":{"line":138,"column":2},"end":{"line":138,"column":23}},"64":{"start":{"line":140,"column":2},"end":{"line":140,"column":33}},"65":{"start":{"line":143,"column":2},"end":{"line":143,"column":49}},"66":{"start":{"line":144,"column":2},"end":{"line":144,"column":49}},"67":{"start":{"line":146,"column":2},"end":{"line":146,"column":85}},"68":{"start":{"line":150,"column":0},"end":{"line":152,"column":1}},"69":{"start":{"line":151,"column":2},"end":{"line":151,"column":58}},"70":{"start":{"line":154,"column":0},"end":{"line":156,"column":1}},"71":{"start":{"line":155,"column":2},"end":{"line":155,"column":53}},"72":{"start":{"line":158,"column":0},"end":{"line":160,"column":2}},"73":{"start":{"line":159,"column":2},"end":{"line":159,"column":59}},"74":{"start":{"line":162,"column":0},"end":{"line":164,"column":2}},"75":{"start":{"line":163,"column":2},"end":{"line":163,"column":65}},"76":{"start":{"line":166,"column":0},"end":{"line":168,"column":2}},"77":{"start":{"line":167,"column":2},"end":{"line":167,"column":64}},"78":{"start":{"line":170,"column":0},"end":{"line":170,"column":22}}},"branchMap":{"1":{"line":14,"type":"if","locations":[{"start":{"line":14,"column":0},"end":{"line":14,"column":0}},{"start":{"line":14,"column":0},"end":{"line":14,"column":0}}]},"2":{"line":14,"type":"binary-expr","locations":[{"start":{"line":14,"column":3},"end":{"line":14,"column":31}},{"start":{"line":14,"column":35},"end":{"line":14,"column":62}},{"start":{"line":14,"column":66},"end":{"line":14,"column":93}}]},"3":{"line":20,"type":"if","locations":[{"start":{"line":20,"column":2},"end":{"line":20,"column":2}},{"start":{"line":20,"column":2},"end":{"line":20,"column":2}}]},"4":{"line":45,"type":"if","locations":[{"start":{"line":45,"column":6},"end":{"line":45,"column":6}},{"start":{"line":45,"column":6},"end":{"line":45,"column":6}}]},"5":{"line":66,"type":"if","locations":[{"start":{"line":66,"column":2},"end":{"line":66,"column":2}},{"start":{"line":66,"column":2},"end":{"line":66,"column":2}}]},"6":{"line":74,"type":"if","locations":[{"start":{"line":74,"column":2},"end":{"line":74,"column":2}},{"start":{"line":74,"column":2},"end":{"line":74,"column":2}}]},"7":{"line":82,"type":"binary-expr","locations":[{"start":{"line":82,"column":17},"end":{"line":82,"column":55}},{"start":{"line":82,"column":59},"end":{"line":82,"column":97}}]},"8":{"line":88,"type":"if","locations":[{"start":{"line":88,"column":4},"end":{"line":88,"column":4}},{"start":{"line":88,"column":4},"end":{"line":88,"column":4}}]},"9":{"line":91,"type":"if","locations":[{"start":{"line":91,"column":6},"end":{"line":91,"column":6}},{"start":{"line":91,"column":6},"end":{"line":91,"column":6}}]},"10":{"line":99,"type":"if","locations":[{"start":{"line":99,"column":13},"end":{"line":99,"column":13}},{"start":{"line":99,"column":13},"end":{"line":99,"column":13}}]},"11":{"line":99,"type":"binary-expr","locations":[{"start":{"line":99,"column":16},"end":{"line":99,"column":62}},{"start":{"line":99,"column":66},"end":{"line":99,"column":112}}]},"12":{"line":103,"type":"if","locations":[{"start":{"line":103,"column":13},"end":{"line":103,"column":13}},{"start":{"line":103,"column":13},"end":{"line":103,"column":13}}]}}},"/Users/peter/Projects/Octoblu/ble-bean/lib/commands.js":{"path":"/Users/peter/Projects/Octoblu/ble-bean/lib/commands.js","s":{"1":1},"b":{},"f":{},"fnMap":{},"statementMap":{"1":{"start":{"line":6,"column":0},"end":{"line":33,"column":2}}},"branchMap":{}},"/Users/peter/Projects/Octoblu/ble-bean/lib/ScratchOne.js":{"path":"/Users/peter/Projects/Octoblu/ble-bean/lib/ScratchOne.js","s":{"1":1,"2":1,"3":1,"4":1,"5":1,"6":1,"7":1,"8":0,"9":1,"10":0,"11":1,"12":0,"13":1,"14":0,"15":1},"b":{"1":[1,0],"2":[1,0,0]},"f":{"1":0,"2":0,"3":0,"4":0,"5":0},"fnMap":{"1":{"name":"ScratchOne","line":9,"loc":{"start":{"line":9,"column":0},"end":{"line":9,"column":22}}},"2":{"name":"(anonymous_2)","line":12,"loc":{"start":{"line":12,"column":31},"end":{"line":12,"column":50}}},"3":{"name":"(anonymous_3)","line":16,"loc":{"start":{"line":16,"column":32},"end":{"line":16,"column":57}}},"4":{"name":"(anonymous_4)","line":20,"loc":{"start":{"line":20,"column":33},"end":{"line":20,"column":60}}},"5":{"name":"(anonymous_5)","line":24,"loc":{"start":{"line":24,"column":35},"end":{"line":24,"column":62}}}},"statementMap":{"1":{"start":{"line":1,"column":0},"end":{"line":1,"column":58}},"2":{"start":{"line":2,"column":0},"end":{"line":2,"column":57}},"3":{"start":{"line":4,"column":0},"end":{"line":7,"column":1}},"4":{"start":{"line":5,"column":2},"end":{"line":5,"column":52}},"5":{"start":{"line":6,"column":2},"end":{"line":6,"column":51}},"6":{"start":{"line":9,"column":0},"end":{"line":10,"column":1}},"7":{"start":{"line":12,"column":0},"end":{"line":14,"column":2}},"8":{"start":{"line":13,"column":2},"end":{"line":13,"column":67}},"9":{"start":{"line":16,"column":0},"end":{"line":18,"column":2}},"10":{"start":{"line":17,"column":2},"end":{"line":17,"column":74}},"11":{"start":{"line":20,"column":0},"end":{"line":22,"column":2}},"12":{"start":{"line":21,"column":2},"end":{"line":21,"column":79}},"13":{"start":{"line":24,"column":0},"end":{"line":26,"column":2}},"14":{"start":{"line":25,"column":2},"end":{"line":25,"column":80}},"15":{"start":{"line":28,"column":0},"end":{"line":28,"column":28}}},"branchMap":{"1":{"line":4,"type":"if","locations":[{"start":{"line":4,"column":0},"end":{"line":4,"column":0}},{"start":{"line":4,"column":0},"end":{"line":4,"column":0}}]},"2":{"line":4,"type":"binary-expr","locations":[{"start":{"line":4,"column":3},"end":{"line":4,"column":31}},{"start":{"line":4,"column":35},"end":{"line":4,"column":62}},{"start":{"line":4,"column":66},"end":{"line":4,"column":93}}]}}},"/Users/peter/Projects/Octoblu/ble-bean/lib/ScratchTwo.js":{"path":"/Users/peter/Projects/Octoblu/ble-bean/lib/ScratchTwo.js","s":{"1":1,"2":1,"3":1,"4":1,"5":1,"6":1,"7":1,"8":0,"9":1,"10":0,"11":1,"12":0,"13":1,"14":0,"15":1},"b":{"1":[1,0],"2":[1,0,0]},"f":{"1":0,"2":0,"3":0,"4":0,"5":0},"fnMap":{"1":{"name":"ScratchTwo","line":9,"loc":{"start":{"line":9,"column":0},"end":{"line":9,"column":22}}},"2":{"name":"(anonymous_2)","line":12,"loc":{"start":{"line":12,"column":31},"end":{"line":12,"column":50}}},"3":{"name":"(anonymous_3)","line":16,"loc":{"start":{"line":16,"column":32},"end":{"line":16,"column":57}}},"4":{"name":"(anonymous_4)","line":20,"loc":{"start":{"line":20,"column":33},"end":{"line":20,"column":60}}},"5":{"name":"(anonymous_5)","line":24,"loc":{"start":{"line":24,"column":35},"end":{"line":24,"column":62}}}},"statementMap":{"1":{"start":{"line":1,"column":0},"end":{"line":1,"column":58}},"2":{"start":{"line":2,"column":0},"end":{"line":2,"column":57}},"3":{"start":{"line":4,"column":0},"end":{"line":7,"column":1}},"4":{"start":{"line":5,"column":2},"end":{"line":5,"column":52}},"5":{"start":{"line":6,"column":2},"end":{"line":6,"column":51}},"6":{"start":{"line":9,"column":0},"end":{"line":10,"column":1}},"7":{"start":{"line":12,"column":0},"end":{"line":14,"column":2}},"8":{"start":{"line":13,"column":2},"end":{"line":13,"column":67}},"9":{"start":{"line":16,"column":0},"end":{"line":18,"column":2}},"10":{"start":{"line":17,"column":2},"end":{"line":17,"column":74}},"11":{"start":{"line":20,"column":0},"end":{"line":22,"column":2}},"12":{"start":{"line":21,"column":2},"end":{"line":21,"column":79}},"13":{"start":{"line":24,"column":0},"end":{"line":26,"column":2}},"14":{"start":{"line":25,"column":2},"end":{"line":25,"column":80}},"15":{"start":{"line":28,"column":0},"end":{"line":28,"column":28}}},"branchMap":{"1":{"line":4,"type":"if","locations":[{"start":{"line":4,"column":0},"end":{"line":4,"column":0}},{"start":{"line":4,"column":0},"end":{"line":4,"column":0}}]},"2":{"line":4,"type":"binary-expr","locations":[{"start":{"line":4,"column":3},"end":{"line":4,"column":31}},{"start":{"line":4,"column":35},"end":{"line":4,"column":62}},{"start":{"line":4,"column":66},"end":{"line":4,"column":93}}]}}},"/Users/peter/Projects/Octoblu/ble-bean/lib/ScratchThree.js":{"path":"/Users/peter/Projects/Octoblu/ble-bean/lib/ScratchThree.js","s":{"1":1,"2":1,"3":1,"4":1,"5":1,"6":1,"7":1,"8":0,"9":1,"10":0,"11":1,"12":0,"13":1,"14":0,"15":1},"b":{"1":[1,0],"2":[1,0,0]},"f":{"1":0,"2":0,"3":0,"4":0,"5":0},"fnMap":{"1":{"name":"ScratchThree","line":9,"loc":{"start":{"line":9,"column":0},"end":{"line":9,"column":24}}},"2":{"name":"(anonymous_2)","line":12,"loc":{"start":{"line":12,"column":35},"end":{"line":12,"column":54}}},"3":{"name":"(anonymous_3)","line":16,"loc":{"start":{"line":16,"column":36},"end":{"line":16,"column":61}}},"4":{"name":"(anonymous_4)","line":20,"loc":{"start":{"line":20,"column":37},"end":{"line":20,"column":64}}},"5":{"name":"(anonymous_5)","line":24,"loc":{"start":{"line":24,"column":39},"end":{"line":24,"column":66}}}},"statementMap":{"1":{"start":{"line":1,"column":0},"end":{"line":1,"column":58}},"2":{"start":{"line":2,"column":0},"end":{"line":2,"column":59}},"3":{"start":{"line":4,"column":0},"end":{"line":7,"column":1}},"4":{"start":{"line":5,"column":2},"end":{"line":5,"column":52}},"5":{"start":{"line":6,"column":2},"end":{"line":6,"column":53}},"6":{"start":{"line":9,"column":0},"end":{"line":10,"column":1}},"7":{"start":{"line":12,"column":0},"end":{"line":14,"column":2}},"8":{"start":{"line":13,"column":2},"end":{"line":13,"column":69}},"9":{"start":{"line":16,"column":0},"end":{"line":18,"column":2}},"10":{"start":{"line":17,"column":2},"end":{"line":17,"column":76}},"11":{"start":{"line":20,"column":0},"end":{"line":22,"column":2}},"12":{"start":{"line":21,"column":2},"end":{"line":21,"column":81}},"13":{"start":{"line":24,"column":0},"end":{"line":26,"column":2}},"14":{"start":{"line":25,"column":2},"end":{"line":25,"column":82}},"15":{"start":{"line":28,"column":0},"end":{"line":28,"column":30}}},"branchMap":{"1":{"line":4,"type":"if","locations":[{"start":{"line":4,"column":0},"end":{"line":4,"column":0}},{"start":{"line":4,"column":0},"end":{"line":4,"column":0}}]},"2":{"line":4,"type":"binary-expr","locations":[{"start":{"line":4,"column":3},"end":{"line":4,"column":31}},{"start":{"line":4,"column":35},"end":{"line":4,"column":62}},{"start":{"line":4,"column":66},"end":{"line":4,"column":93}}]}}},"/Users/peter/Projects/Octoblu/ble-bean/lib/ScratchFour.js":{"path":"/Users/peter/Projects/Octoblu/ble-bean/lib/ScratchFour.js","s":{"1":1,"2":1,"3":1,"4":1,"5":1,"6":1,"7":1,"8":0,"9":1,"10":0,"11":1,"12":0,"13":1,"14":0,"15":1},"b":{"1":[1,0],"2":[1,0,0]},"f":{"1":0,"2":0,"3":0,"4":0,"5":0},"fnMap":{"1":{"name":"ScratchFour","line":9,"loc":{"start":{"line":9,"column":0},"end":{"line":9,"column":23}}},"2":{"name":"(anonymous_2)","line":12,"loc":{"start":{"line":12,"column":33},"end":{"line":12,"column":52}}},"3":{"name":"(anonymous_3)","line":16,"loc":{"start":{"line":16,"column":34},"end":{"line":16,"column":59}}},"4":{"name":"(anonymous_4)","line":20,"loc":{"start":{"line":20,"column":35},"end":{"line":20,"column":62}}},"5":{"name":"(anonymous_5)","line":24,"loc":{"start":{"line":24,"column":37},"end":{"line":24,"column":64}}}},"statementMap":{"1":{"start":{"line":1,"column":0},"end":{"line":1,"column":58}},"2":{"start":{"line":2,"column":0},"end":{"line":2,"column":58}},"3":{"start":{"line":4,"column":0},"end":{"line":7,"column":1}},"4":{"start":{"line":5,"column":2},"end":{"line":5,"column":52}},"5":{"start":{"line":6,"column":2},"end":{"line":6,"column":52}},"6":{"start":{"line":9,"column":0},"end":{"line":10,"column":1}},"7":{"start":{"line":12,"column":0},"end":{"line":14,"column":2}},"8":{"start":{"line":13,"column":2},"end":{"line":13,"column":68}},"9":{"start":{"line":16,"column":0},"end":{"line":18,"column":2}},"10":{"start":{"line":17,"column":2},"end":{"line":17,"column":75}},"11":{"start":{"line":20,"column":0},"end":{"line":22,"column":2}},"12":{"start":{"line":21,"column":2},"end":{"line":21,"column":80}},"13":{"start":{"line":24,"column":0},"end":{"line":26,"column":2}},"14":{"start":{"line":25,"column":2},"end":{"line":25,"column":81}},"15":{"start":{"line":28,"column":0},"end":{"line":28,"column":29}}},"branchMap":{"1":{"line":4,"type":"if","locations":[{"start":{"line":4,"column":0},"end":{"line":4,"column":0}},{"start":{"line":4,"column":0},"end":{"line":4,"column":0}}]},"2":{"line":4,"type":"binary-expr","locations":[{"start":{"line":4,"column":3},"end":{"line":4,"column":31}},{"start":{"line":4,"column":35},"end":{"line":4,"column":62}},{"start":{"line":4,"column":66},"end":{"line":4,"column":93}}]}}},"/Users/peter/Projects/Octoblu/ble-bean/lib/ScratchFive.js":{"path":"/Users/peter/Projects/Octoblu/ble-bean/lib/ScratchFive.js","s":{"1":1,"2":1,"3":1,"4":1,"5":1,"6":1,"7":1,"8":0,"9":1,"10":0,"11":1,"12":0,"13":1,"14":0,"15":1},"b":{"1":[1,0],"2":[1,0,0]},"f":{"1":0,"2":0,"3":0,"4":0,"5":0},"fnMap":{"1":{"name":"ScratchFive","line":9,"loc":{"start":{"line":9,"column":0},"end":{"line":9,"column":23}}},"2":{"name":"(anonymous_2)","line":12,"loc":{"start":{"line":12,"column":33},"end":{"line":12,"column":52}}},"3":{"name":"(anonymous_3)","line":16,"loc":{"start":{"line":16,"column":34},"end":{"line":16,"column":59}}},"4":{"name":"(anonymous_4)","line":20,"loc":{"start":{"line":20,"column":35},"end":{"line":20,"column":62}}},"5":{"name":"(anonymous_5)","line":24,"loc":{"start":{"line":24,"column":37},"end":{"line":24,"column":64}}}},"statementMap":{"1":{"start":{"line":1,"column":0},"end":{"line":1,"column":58}},"2":{"start":{"line":2,"column":0},"end":{"line":2,"column":58}},"3":{"start":{"line":4,"column":0},"end":{"line":7,"column":1}},"4":{"start":{"line":5,"column":2},"end":{"line":5,"column":52}},"5":{"start":{"line":6,"column":2},"end":{"line":6,"column":52}},"6":{"start":{"line":9,"column":0},"end":{"line":10,"column":1}},"7":{"start":{"line":12,"column":0},"end":{"line":14,"column":2}},"8":{"start":{"line":13,"column":2},"end":{"line":13,"column":68}},"9":{"start":{"line":16,"column":0},"end":{"line":18,"column":2}},"10":{"start":{"line":17,"column":2},"end":{"line":17,"column":75}},"11":{"start":{"line":20,"column":0},"end":{"line":22,"column":2}},"12":{"start":{"line":21,"column":2},"end":{"line":21,"column":80}},"13":{"start":{"line":24,"column":0},"end":{"line":26,"column":2}},"14":{"start":{"line":25,"column":2},"end":{"line":25,"column":81}},"15":{"start":{"line":28,"column":0},"end":{"line":28,"column":29}}},"branchMap":{"1":{"line":4,"type":"if","locations":[{"start":{"line":4,"column":0},"end":{"line":4,"column":0}},{"start":{"line":4,"column":0},"end":{"line":4,"column":0}}]},"2":{"line":4,"type":"binary-expr","locations":[{"start":{"line":4,"column":3},"end":{"line":4,"column":31}},{"start":{"line":4,"column":35},"end":{"line":4,"column":62}},{"start":{"line":4,"column":66},"end":{"line":4,"column":93}}]}}}}