TN:
SF:/Users/peter/Projects/Octoblu/ble-bean/index.js
FNF:0
FNH:0
DA:4,1
DA:6,1
DA:8,1
DA:9,1
DA:10,1
DA:11,1
DA:12,1
DA:15,1
DA:16,1
DA:18,1
DA:19,1
DA:20,1
DA:21,1
DA:22,1
DA:24,1
LF:15
LH:15
BRF:0
BRH:0
end_of_record
TN:
SF:/Users/peter/Projects/Octoblu/ble-bean/lib/Bean.js
FN:19,(anonymous_1)
FN:37,(anonymous_2)
FN:41,(anonymous_3)
FN:43,(anonymous_4)
FN:56,(anonymous_5)
FN:121,(anonymous_6)
FN:150,(anonymous_7)
FN:154,(anonymous_8)
FN:158,(anonymous_9)
FN:162,(anonymous_10)
FN:166,(anonymous_11)
FNF:11
FNH:0
FNDA:0,(anonymous_1)
FNDA:0,(anonymous_2)
FNDA:0,(anonymous_3)
FNDA:0,(anonymous_4)
FNDA:0,(anonymous_5)
FNDA:0,(anonymous_6)
FNDA:0,(anonymous_7)
FNDA:0,(anonymous_8)
FNDA:0,(anonymous_9)
FNDA:0,(anonymous_10)
FNDA:0,(anonymous_11)
DA:4,1
DA:6,1
DA:7,1
DA:8,1
DA:9,1
DA:11,1
DA:12,1
DA:14,1
DA:15,1
DA:16,1
DA:19,1
DA:20,0
DA:21,0
DA:23,0
DA:25,0
DA:27,0
DA:28,0
DA:32,1
DA:34,1
DA:35,1
DA:37,1
DA:39,0
DA:41,0
DA:43,0
DA:45,0
DA:47,0
DA:48,0
DA:56,1
DA:61,0
DA:62,0
DA:63,0
DA:66,0
DA:67,0
DA:71,0
DA:74,0
DA:76,0
DA:79,0
DA:81,0
DA:82,0
DA:84,0
DA:86,0
DA:88,0
DA:91,0
DA:93,0
DA:94,0
DA:95,0
DA:97,0
DA:99,0
DA:101,0
DA:103,0
DA:105,0
DA:111,0
DA:121,1
DA:124,0
DA:125,0
DA:126,0
DA:129,0
DA:131,0
DA:132,0
DA:135,0
DA:137,0
DA:138,0
DA:140,0
DA:143,0
DA:144,0
DA:146,0
DA:150,1
DA:151,0
DA:154,1
DA:155,0
DA:158,1
DA:159,0
DA:162,1
DA:163,0
DA:166,1
DA:167,0
DA:170,1
LF:77
LH:23
BRDA:14,1,0,1
BRDA:14,1,1,0
BRDA:14,2,0,1
BRDA:14,2,1,0
BRDA:14,2,2,0
BRDA:20,3,0,0
BRDA:20,3,1,0
BRDA:45,4,0,0
BRDA:45,4,1,0
BRDA:66,5,0,0
BRDA:66,5,1,0
BRDA:74,6,0,0
BRDA:74,6,1,0
BRDA:82,7,0,0
BRDA:82,7,1,0
BRDA:88,8,0,0
BRDA:88,8,1,0
BRDA:91,9,0,0
BRDA:91,9,1,0
BRDA:99,10,0,0
BRDA:99,10,1,0
BRDA:99,11,0,0
BRDA:99,11,1,0
BRDA:103,12,0,0
BRDA:103,12,1,0
BRF:25
BRH:2
end_of_record
TN:
SF:/Users/peter/Projects/Octoblu/ble-bean/lib/commands.js
FNF:0
FNH:0
DA:6,1
LF:1
LH:1
BRF:0
BRH:0
end_of_record
TN:
SF:/Users/peter/Projects/Octoblu/ble-bean/lib/ScratchOne.js
FN:9,ScratchOne
FN:12,(anonymous_2)
FN:16,(anonymous_3)
FN:20,(anonymous_4)
FN:24,(anonymous_5)
FNF:5
FNH:0
FNDA:0,ScratchOne
FNDA:0,(anonymous_2)
FNDA:0,(anonymous_3)
FNDA:0,(anonymous_4)
FNDA:0,(anonymous_5)
DA:1,1
DA:2,1
DA:4,1
DA:5,1
DA:6,1
DA:9,1
DA:12,1
DA:13,0
DA:16,1
DA:17,0
DA:20,1
DA:21,0
DA:24,1
DA:25,0
DA:28,1
LF:15
LH:11
BRDA:4,1,0,1
BRDA:4,1,1,0
BRDA:4,2,0,1
BRDA:4,2,1,0
BRDA:4,2,2,0
BRF:5
BRH:2
end_of_record
TN:
SF:/Users/peter/Projects/Octoblu/ble-bean/lib/ScratchTwo.js
FN:9,ScratchTwo
FN:12,(anonymous_2)
FN:16,(anonymous_3)
FN:20,(anonymous_4)
FN:24,(anonymous_5)
FNF:5
FNH:0
FNDA:0,ScratchTwo
FNDA:0,(anonymous_2)
FNDA:0,(anonymous_3)
FNDA:0,(anonymous_4)
FNDA:0,(anonymous_5)
DA:1,1
DA:2,1
DA:4,1
DA:5,1
DA:6,1
DA:9,1
DA:12,1
DA:13,0
DA:16,1
DA:17,0
DA:20,1
DA:21,0
DA:24,1
DA:25,0
DA:28,1
LF:15
LH:11
BRDA:4,1,0,1
BRDA:4,1,1,0
BRDA:4,2,0,1
BRDA:4,2,1,0
BRDA:4,2,2,0
BRF:5
BRH:2
end_of_record
TN:
SF:/Users/peter/Projects/Octoblu/ble-bean/lib/ScratchThree.js
FN:9,ScratchThree
FN:12,(anonymous_2)
FN:16,(anonymous_3)
FN:20,(anonymous_4)
FN:24,(anonymous_5)
FNF:5
FNH:0
FNDA:0,ScratchThree
FNDA:0,(anonymous_2)
FNDA:0,(anonymous_3)
FNDA:0,(anonymous_4)
FNDA:0,(anonymous_5)
DA:1,1
DA:2,1
DA:4,1
DA:5,1
DA:6,1
DA:9,1
DA:12,1
DA:13,0
DA:16,1
DA:17,0
DA:20,1
DA:21,0
DA:24,1
DA:25,0
DA:28,1
LF:15
LH:11
BRDA:4,1,0,1
BRDA:4,1,1,0
BRDA:4,2,0,1
BRDA:4,2,1,0
BRDA:4,2,2,0
BRF:5
BRH:2
end_of_record
TN:
SF:/Users/peter/Projects/Octoblu/ble-bean/lib/ScratchFour.js
FN:9,ScratchFour
FN:12,(anonymous_2)
FN:16,(anonymous_3)
FN:20,(anonymous_4)
FN:24,(anonymous_5)
FNF:5
FNH:0
FNDA:0,ScratchFour
FNDA:0,(anonymous_2)
FNDA:0,(anonymous_3)
FNDA:0,(anonymous_4)
FNDA:0,(anonymous_5)
DA:1,1
DA:2,1
DA:4,1
DA:5,1
DA:6,1
DA:9,1
DA:12,1
DA:13,0
DA:16,1
DA:17,0
DA:20,1
DA:21,0
DA:24,1
DA:25,0
DA:28,1
LF:15
LH:11
BRDA:4,1,0,1
BRDA:4,1,1,0
BRDA:4,2,0,1
BRDA:4,2,1,0
BRDA:4,2,2,0
BRF:5
BRH:2
end_of_record
TN:
SF:/Users/peter/Projects/Octoblu/ble-bean/lib/ScratchFive.js
FN:9,ScratchFive
FN:12,(anonymous_2)
FN:16,(anonymous_3)
FN:20,(anonymous_4)
FN:24,(anonymous_5)
FNF:5
FNH:0
FNDA:0,ScratchFive
FNDA:0,(anonymous_2)
FNDA:0,(anonymous_3)
FNDA:0,(anonymous_4)
FNDA:0,(anonymous_5)
DA:1,1
DA:2,1
DA:4,1
DA:5,1
DA:6,1
DA:9,1
DA:12,1
DA:13,0
DA:16,1
DA:17,0
DA:20,1
DA:21,0
DA:24,1
DA:25,0
DA:28,1
LF:15
LH:11
BRDA:4,1,0,1
BRDA:4,1,1,0
BRDA:4,2,0,1
BRDA:4,2,1,0
BRDA:4,2,2,0
BRF:5
BRH:2
end_of_record
